mode: set
github.com/xanish/gophercises/task_manager/task.go:28.55,35.2 1 1
github.com/xanish/gophercises/task_manager/task.go:39.50,43.16 3 1
github.com/xanish/gophercises/task_manager/task.go:43.16,45.3 1 1
github.com/xanish/gophercises/task_manager/task.go:47.2,47.18 1 1
github.com/xanish/gophercises/task_manager/task.go:52.27,54.2 1 1
github.com/xanish/gophercises/task_manager/task.go:58.38,60.2 1 1
github.com/xanish/gophercises/task_manager/task_manager.go:23.57,25.16 2 1
github.com/xanish/gophercises/task_manager/task_manager.go:25.16,27.3 1 0
github.com/xanish/gophercises/task_manager/task_manager.go:29.2,29.57 1 1
github.com/xanish/gophercises/task_manager/task_manager.go:33.42,34.52 1 1
github.com/xanish/gophercises/task_manager/task_manager.go:34.52,38.15 3 1
github.com/xanish/gophercises/task_manager/task_manager.go:38.15,40.4 1 0
github.com/xanish/gophercises/task_manager/task_manager.go:42.3,43.15 2 1
github.com/xanish/gophercises/task_manager/task_manager.go:43.15,45.4 1 0
github.com/xanish/gophercises/task_manager/task_manager.go:47.3,47.13 1 1
github.com/xanish/gophercises/task_manager/task_manager.go:50.2,50.16 1 1
github.com/xanish/gophercises/task_manager/task_manager.go:50.16,52.3 1 0
github.com/xanish/gophercises/task_manager/task_manager.go:54.2,54.12 1 1
github.com/xanish/gophercises/task_manager/task_manager.go:60.47,64.2 2 1
github.com/xanish/gophercises/task_manager/task_manager.go:68.45,69.52 1 1
github.com/xanish/gophercises/task_manager/task_manager.go:69.52,73.15 3 1
github.com/xanish/gophercises/task_manager/task_manager.go:73.15,75.4 1 0
github.com/xanish/gophercises/task_manager/task_manager.go:77.3,77.13 1 1
github.com/xanish/gophercises/task_manager/task_manager.go:80.2,80.16 1 1
github.com/xanish/gophercises/task_manager/task_manager.go:80.16,82.3 1 0
github.com/xanish/gophercises/task_manager/task_manager.go:84.2,84.12 1 1
github.com/xanish/gophercises/task_manager/task_manager.go:88.50,90.50 2 1
github.com/xanish/gophercises/task_manager/task_manager.go:90.50,94.97 3 1
github.com/xanish/gophercises/task_manager/task_manager.go:94.97,96.16 2 1
github.com/xanish/gophercises/task_manager/task_manager.go:96.16,98.5 1 0
github.com/xanish/gophercises/task_manager/task_manager.go:99.4,99.36 1 1
github.com/xanish/gophercises/task_manager/task_manager.go:99.36,100.13 1 1
github.com/xanish/gophercises/task_manager/task_manager.go:103.4,103.31 1 1
github.com/xanish/gophercises/task_manager/task_manager.go:106.3,106.13 1 1
github.com/xanish/gophercises/task_manager/task_manager.go:109.2,109.16 1 1
github.com/xanish/gophercises/task_manager/task_manager.go:109.16,111.3 1 0
github.com/xanish/gophercises/task_manager/task_manager.go:113.2,113.19 1 1
github.com/xanish/gophercises/task_manager/task_manager.go:117.52,119.50 2 1
github.com/xanish/gophercises/task_manager/task_manager.go:119.50,123.97 3 1
github.com/xanish/gophercises/task_manager/task_manager.go:123.97,125.16 2 1
github.com/xanish/gophercises/task_manager/task_manager.go:125.16,127.5 1 0
github.com/xanish/gophercises/task_manager/task_manager.go:128.4,128.38 1 1
github.com/xanish/gophercises/task_manager/task_manager.go:128.38,129.13 1 1
github.com/xanish/gophercises/task_manager/task_manager.go:132.4,132.31 1 1
github.com/xanish/gophercises/task_manager/task_manager.go:135.3,135.13 1 1
github.com/xanish/gophercises/task_manager/task_manager.go:138.2,138.16 1 1
github.com/xanish/gophercises/task_manager/task_manager.go:138.16,140.3 1 0
github.com/xanish/gophercises/task_manager/task_manager.go:142.2,142.19 1 1
github.com/xanish/gophercises/task_manager/task_manager.go:146.38,148.2 1 1
github.com/xanish/gophercises/task_manager/task_manager.go:153.78,156.16 2 1
github.com/xanish/gophercises/task_manager/task_manager.go:156.16,158.3 1 0
github.com/xanish/gophercises/task_manager/task_manager.go:161.2,162.16 2 1
github.com/xanish/gophercises/task_manager/task_manager.go:162.16,164.3 1 0
github.com/xanish/gophercises/task_manager/task_manager.go:167.2,167.18 1 1
github.com/xanish/gophercises/task_manager/task_manager.go:167.18,168.44 1 1
github.com/xanish/gophercises/task_manager/task_manager.go:168.44,171.4 2 1
github.com/xanish/gophercises/task_manager/task_manager.go:173.3,173.17 1 1
github.com/xanish/gophercises/task_manager/task_manager.go:173.17,175.4 1 0
github.com/xanish/gophercises/task_manager/task_manager.go:179.2,179.37 1 1
github.com/xanish/gophercises/task_manager/task_manager.go:179.37,181.3 1 0
github.com/xanish/gophercises/task_manager/task_manager.go:188.50,190.16 2 1
github.com/xanish/gophercises/task_manager/task_manager.go:190.16,191.25 1 1
github.com/xanish/gophercises/task_manager/task_manager.go:191.25,194.18 2 1
github.com/xanish/gophercises/task_manager/task_manager.go:194.18,196.5 1 0
github.com/xanish/gophercises/task_manager/task_manager.go:198.4,198.32 1 1
github.com/xanish/gophercises/task_manager/task_manager.go:198.32,200.5 1 1
github.com/xanish/gophercises/task_manager/task_manager.go:202.4,202.20 1 1
github.com/xanish/gophercises/task_manager/task_manager.go:203.9,205.4 1 0
github.com/xanish/gophercises/task_manager/task_manager.go:208.2,208.19 1 0
