mode: set
github.com/xanish/gophercises/sitemap_builder/crawler.go:13.75,22.16 6 1
github.com/xanish/gophercises/sitemap_builder/crawler.go:22.16,24.3 1 0
github.com/xanish/gophercises/sitemap_builder/crawler.go:25.2,27.32 2 1
github.com/xanish/gophercises/sitemap_builder/crawler.go:27.32,33.27 2 1
github.com/xanish/gophercises/sitemap_builder/crawler.go:33.27,34.9 1 0
github.com/xanish/gophercises/sitemap_builder/crawler.go:36.3,44.27 4 1
github.com/xanish/gophercises/sitemap_builder/crawler.go:44.27,50.24 2 1
github.com/xanish/gophercises/sitemap_builder/crawler.go:50.24,52.5 1 1
github.com/xanish/gophercises/sitemap_builder/crawler.go:52.10,52.49 1 1
github.com/xanish/gophercises/sitemap_builder/crawler.go:52.49,54.5 1 1
github.com/xanish/gophercises/sitemap_builder/crawler.go:57.4,61.40 2 1
github.com/xanish/gophercises/sitemap_builder/crawler.go:61.40,62.13 1 1
github.com/xanish/gophercises/sitemap_builder/crawler.go:65.4,69.18 3 1
github.com/xanish/gophercises/sitemap_builder/crawler.go:69.18,71.13 2 0
github.com/xanish/gophercises/sitemap_builder/crawler.go:76.4,76.64 1 1
github.com/xanish/gophercises/sitemap_builder/crawler.go:76.64,78.5 1 1
github.com/xanish/gophercises/sitemap_builder/crawler.go:81.4,81.30 1 1
github.com/xanish/gophercises/sitemap_builder/crawler.go:85.2,86.28 2 1
github.com/xanish/gophercises/sitemap_builder/crawler.go:86.28,88.3 1 1
github.com/xanish/gophercises/sitemap_builder/crawler.go:90.2,90.25 1 1
github.com/xanish/gophercises/sitemap_builder/crawler.go:93.59,98.69 1 1
github.com/xanish/gophercises/sitemap_builder/crawler.go:98.69,100.4 1 1
github.com/xanish/gophercises/sitemap_builder/crawler.go:102.2,103.16 2 1
github.com/xanish/gophercises/sitemap_builder/crawler.go:103.16,105.3 1 0
github.com/xanish/gophercises/sitemap_builder/crawler.go:107.2,107.17 1 1
github.com/xanish/gophercises/sitemap_builder/crawler.go:107.17,109.3 1 0
github.com/xanish/gophercises/sitemap_builder/crawler.go:111.2,111.33 1 1
github.com/xanish/gophercises/sitemap_builder/crawler.go:111.33,113.3 1 1
github.com/xanish/gophercises/sitemap_builder/crawler.go:115.2,116.16 2 1
github.com/xanish/gophercises/sitemap_builder/crawler.go:116.16,118.3 1 0
github.com/xanish/gophercises/sitemap_builder/crawler.go:120.2,120.19 1 1
github.com/xanish/gophercises/sitemap_builder/crawler.go:123.96,125.29 2 1
github.com/xanish/gophercises/sitemap_builder/crawler.go:125.29,126.26 1 1
github.com/xanish/gophercises/sitemap_builder/crawler.go:126.26,128.4 1 1
github.com/xanish/gophercises/sitemap_builder/crawler.go:131.2,131.17 1 1
github.com/xanish/gophercises/sitemap_builder/sitemap_builder.go:21.49,23.27 2 1
github.com/xanish/gophercises/sitemap_builder/sitemap_builder.go:23.27,25.3 1 1
github.com/xanish/gophercises/sitemap_builder/sitemap_builder.go:27.2,28.16 2 1
github.com/xanish/gophercises/sitemap_builder/sitemap_builder.go:28.16,30.3 1 0
github.com/xanish/gophercises/sitemap_builder/sitemap_builder.go:32.2,34.43 3 1
github.com/xanish/gophercises/sitemap_builder/sitemap_builder.go:34.43,36.3 1 0
github.com/xanish/gophercises/sitemap_builder/sitemap_builder.go:38.2,39.16 2 1
github.com/xanish/gophercises/sitemap_builder/sitemap_builder.go:39.16,41.3 1 0
