mode: set
github.com/xanish/gophercises/cli_task_manager/task_manager/task_manager.go:26.57,28.16 2 1
github.com/xanish/gophercises/cli_task_manager/task_manager/task_manager.go:28.16,30.3 1 0
github.com/xanish/gophercises/cli_task_manager/task_manager/task_manager.go:32.2,32.51 1 1
github.com/xanish/gophercises/cli_task_manager/task_manager/task_manager.go:36.47,37.46 1 1
github.com/xanish/gophercises/cli_task_manager/task_manager/task_manager.go:37.46,44.15 5 1
github.com/xanish/gophercises/cli_task_manager/task_manager/task_manager.go:44.15,46.4 1 0
github.com/xanish/gophercises/cli_task_manager/task_manager/task_manager.go:48.3,49.15 2 1
github.com/xanish/gophercises/cli_task_manager/task_manager/task_manager.go:49.15,51.4 1 0
github.com/xanish/gophercises/cli_task_manager/task_manager/task_manager.go:53.3,53.13 1 1
github.com/xanish/gophercises/cli_task_manager/task_manager/task_manager.go:59.47,60.46 1 1
github.com/xanish/gophercises/cli_task_manager/task_manager/task_manager.go:60.46,63.17 3 1
github.com/xanish/gophercises/cli_task_manager/task_manager/task_manager.go:63.17,65.4 1 0
github.com/xanish/gophercises/cli_task_manager/task_manager/task_manager.go:67.3,70.15 3 1
github.com/xanish/gophercises/cli_task_manager/task_manager/task_manager.go:70.15,72.4 1 0
github.com/xanish/gophercises/cli_task_manager/task_manager/task_manager.go:74.3,75.15 2 1
github.com/xanish/gophercises/cli_task_manager/task_manager/task_manager.go:75.15,77.4 1 0
github.com/xanish/gophercises/cli_task_manager/task_manager/task_manager.go:79.3,79.13 1 1
github.com/xanish/gophercises/cli_task_manager/task_manager/task_manager.go:85.45,86.46 1 1
github.com/xanish/gophercises/cli_task_manager/task_manager/task_manager.go:86.46,90.15 3 1
github.com/xanish/gophercises/cli_task_manager/task_manager/task_manager.go:90.15,92.4 1 0
github.com/xanish/gophercises/cli_task_manager/task_manager/task_manager.go:94.3,94.13 1 1
github.com/xanish/gophercises/cli_task_manager/task_manager/task_manager.go:99.65,102.44 2 1
github.com/xanish/gophercises/cli_task_manager/task_manager/task_manager.go:102.44,105.62 2 1
github.com/xanish/gophercises/cli_task_manager/task_manager/task_manager.go:105.62,107.16 2 1
github.com/xanish/gophercises/cli_task_manager/task_manager/task_manager.go:107.16,109.5 1 0
github.com/xanish/gophercises/cli_task_manager/task_manager/task_manager.go:111.4,111.59 1 1
github.com/xanish/gophercises/cli_task_manager/task_manager/task_manager.go:111.59,112.13 1 1
github.com/xanish/gophercises/cli_task_manager/task_manager/task_manager.go:115.4,115.28 1 1
github.com/xanish/gophercises/cli_task_manager/task_manager/task_manager.go:118.3,118.13 1 1
github.com/xanish/gophercises/cli_task_manager/task_manager/task_manager.go:121.2,121.19 1 1
github.com/xanish/gophercises/cli_task_manager/task_manager/task_manager.go:125.38,127.2 1 1
github.com/xanish/gophercises/cli_task_manager/task_manager/task_manager.go:132.77,134.16 2 1
github.com/xanish/gophercises/cli_task_manager/task_manager/task_manager.go:134.16,136.3 1 0
github.com/xanish/gophercises/cli_task_manager/task_manager/task_manager.go:138.2,138.42 1 1
github.com/xanish/gophercises/cli_task_manager/task_manager/task_manager.go:138.42,141.3 2 1
github.com/xanish/gophercises/cli_task_manager/task_manager/task_manager.go:143.2,143.16 1 1
github.com/xanish/gophercises/cli_task_manager/task_manager/task_manager.go:143.16,145.3 1 0
github.com/xanish/gophercises/cli_task_manager/task_manager/task_manager.go:147.2,147.37 1 1
github.com/xanish/gophercises/cli_task_manager/task_manager/task_manager.go:147.37,149.3 1 0
github.com/xanish/gophercises/cli_task_manager/task_manager/task_manager.go:152.25,156.2 3 1
